<?xml version="1.0" encoding="UTF-8"?>
<testng-results skipped="0" failed="0" total="1" passed="1">
  <reporter-output>
  </reporter-output>
  <suite name="Default suite" duration-ms="36384" started-at="2019-10-08T11:51:18Z" finished-at="2019-10-08T11:51:55Z">
    <groups>
    </groups>
    <test name="Default test" duration-ms="36384" started-at="2019-10-08T11:51:18Z" finished-at="2019-10-08T11:51:55Z">
      <class name="loopmi.LaunchApp">
        <test-method status="PASS" signature="setUp()[pri:0, instance:loopmi.LaunchApp@2ef5e5e3]" name="setUp" is-config="true" duration-ms="27542" started-at="2019-10-08T12:51:18Z" finished-at="2019-10-08T12:51:46Z">
          <reporter-output>
          </reporter-output>
        </test-method> <!-- setUp -->
        <test-method status="PASS" signature="invaidLogin()[pri:0, instance:loopmi.LaunchApp@2ef5e5e3]" name="invaidLogin" duration-ms="8340" started-at="2019-10-08T12:51:46Z" finished-at="2019-10-08T12:51:54Z">
          <reporter-output>
          </reporter-output>
        </test-method> <!-- invaidLogin -->
        <test-method status="PASS" signature="closeApp()[pri:0, instance:loopmi.LaunchApp@2ef5e5e3]" name="closeApp" is-config="true" duration-ms="470" started-at="2019-10-08T12:51:54Z" finished-at="2019-10-08T12:51:55Z">
          <reporter-output>
          </reporter-output>
        </test-method> <!-- closeApp -->
      </class> <!-- loopmi.LaunchApp -->
    </test> <!-- Default test -->
  </suite> <!-- Default suite -->
</testng-results>
